<?xml version="1.0" encoding="UTF-8"?>
<Site BuildName="Linux-c++"
	BuildStamp="20240706-0720-Experimental"
	Name="dawkstorm-acer"
	Generator="ctest-3.29.6"
	CompilerName="/usr/bin/c++"
	CompilerVersion="14.1.1"
	OSName="Linux"
	Hostname="dawkstorm-acer"
	OSRelease="6.9.5-1-MANJARO"
	OSVersion="#1 SMP PREEMPT_DYNAMIC Wed Jun 19 19:07:41 UTC 2024"
	OSPlatform="x86_64"
	Is64Bits="1"
	VendorString="GenuineIntel"
	VendorID="Intel Corporation"
	FamilyID="6"
	ModelID="140"
	ProcessorCacheSize="8192"
	NumberOfLogicalCPU="8"
	NumberOfPhysicalCPU="4"
	TotalVirtualMemory="0"
	TotalPhysicalMemory="15772"
	LogicalProcessorsPerPhysical="2"
	ProcessorClockFrequency="3029.13"
	>
	<Testing>
		<StartDateTime>Jul 06 16:20 EEST</StartDateTime>
		<StartTestTime>1720272021</StartTestTime>
		<TestList/>
		<EndDateTime>Jul 06 16:20 EEST</EndDateTime>
		<EndTestTime>1720272021</EndTestTime>
		<ElapsedMinutes>0</ElapsedMinutes>
	</Testing>
</Site>
